{"C:\\Users\\Usuario\\OneDrive\\Escritorio\\week-12\\index.js": {"path":"C:\\Users\\Usuario\\OneDrive\\Escritorio\\week-12\\index.js","statementMap":{"0":{"start":{"line":1,"column":17},"end":{"line":1,"column":41}},"1":{"start":{"line":3,"column":14},"end":{"line":5,"column":1}},"2":{"start":{"line":4,"column":2},"end":{"line":4,"column":14}},"3":{"start":{"line":7,"column":13},"end":{"line":9,"column":1}},"4":{"start":{"line":8,"column":2},"end":{"line":8,"column":29}},"5":{"start":{"line":11,"column":14},"end":{"line":13,"column":1}},"6":{"start":{"line":12,"column":2},"end":{"line":12,"column":31}},"7":{"start":{"line":15,"column":23},"end":{"line":17,"column":1}},"8":{"start":{"line":16,"column":2},"end":{"line":16,"column":27}},"9":{"start":{"line":19,"column":17},"end":{"line":25,"column":1}},"10":{"start":{"line":20,"column":2},"end":{"line":24,"column":3}},"11":{"start":{"line":21,"column":4},"end":{"line":21,"column":39}},"12":{"start":{"line":23,"column":4},"end":{"line":23,"column":31}},"13":{"start":{"line":27,"column":25},"end":{"line":34,"column":1}},"14":{"start":{"line":28,"column":2},"end":{"line":28,"column":54}},"15":{"start":{"line":28,"column":35},"end":{"line":28,"column":54}},"16":{"start":{"line":29,"column":14},"end":{"line":29,"column":16}},"17":{"start":{"line":30,"column":4},"end":{"line":32,"column":3}},"18":{"start":{"line":30,"column":17},"end":{"line":30,"column":18}},"19":{"start":{"line":31,"column":6},"end":{"line":31,"column":35}},"20":{"start":{"line":33,"column":0},"end":{"line":33,"column":12}},"21":{"start":{"line":36,"column":17},"end":{"line":38,"column":1}},"22":{"start":{"line":37,"column":2},"end":{"line":37,"column":34}},"23":{"start":{"line":40,"column":16},"end":{"line":45,"column":3}},"24":{"start":{"line":42,"column":4},"end":{"line":42,"column":17}},"25":{"start":{"line":44,"column":4},"end":{"line":44,"column":37}},"26":{"start":{"line":47,"column":17},"end":{"line":54,"column":1}},"27":{"start":{"line":48,"column":15},"end":{"line":48,"column":29}},"28":{"start":{"line":49,"column":17},"end":{"line":49,"column":44}},"29":{"start":{"line":50,"column":2},"end":{"line":52,"column":5}},"30":{"start":{"line":50,"column":15},"end":{"line":50,"column":16}},"31":{"start":{"line":51,"column":6},"end":{"line":51,"column":28}},"32":{"start":{"line":53,"column":2},"end":{"line":53,"column":16}}},"fnMap":{"0":{"name":"(anonymous_0)","decl":{"start":{"line":3,"column":14},"end":{"line":3,"column":15}},"loc":{"start":{"line":3,"column":25},"end":{"line":5,"column":1}},"line":3},"1":{"name":"(anonymous_1)","decl":{"start":{"line":7,"column":13},"end":{"line":7,"column":14}},"loc":{"start":{"line":7,"column":37},"end":{"line":9,"column":1}},"line":7},"2":{"name":"(anonymous_2)","decl":{"start":{"line":11,"column":14},"end":{"line":11,"column":15}},"loc":{"start":{"line":11,"column":40},"end":{"line":13,"column":1}},"line":11},"3":{"name":"(anonymous_3)","decl":{"start":{"line":15,"column":23},"end":{"line":15,"column":24}},"loc":{"start":{"line":15,"column":45},"end":{"line":17,"column":1}},"line":15},"4":{"name":"(anonymous_4)","decl":{"start":{"line":19,"column":17},"end":{"line":19,"column":18}},"loc":{"start":{"line":19,"column":41},"end":{"line":25,"column":1}},"line":19},"5":{"name":"(anonymous_5)","decl":{"start":{"line":27,"column":25},"end":{"line":27,"column":26}},"loc":{"start":{"line":27,"column":59},"end":{"line":34,"column":1}},"line":27},"6":{"name":"(anonymous_6)","decl":{"start":{"line":36,"column":17},"end":{"line":36,"column":18}},"loc":{"start":{"line":36,"column":38},"end":{"line":38,"column":1}},"line":36},"7":{"name":"(anonymous_7)","decl":{"start":{"line":40,"column":16},"end":{"line":40,"column":17}},"loc":{"start":{"line":40,"column":25},"end":{"line":45,"column":3}},"line":40},"8":{"name":"cuadrado","decl":{"start":{"line":41,"column":11},"end":{"line":41,"column":19}},"loc":{"start":{"line":41,"column":23},"end":{"line":43,"column":3}},"line":41},"9":{"name":"(anonymous_9)","decl":{"start":{"line":47,"column":17},"end":{"line":47,"column":18}},"loc":{"start":{"line":47,"column":39},"end":{"line":54,"column":1}},"line":47}},"branchMap":{"0":{"loc":{"start":{"line":20,"column":2},"end":{"line":24,"column":3}},"type":"if","locations":[{"start":{"line":20,"column":2},"end":{"line":24,"column":3}},{"start":{"line":20,"column":2},"end":{"line":24,"column":3}}],"line":20},"1":{"loc":{"start":{"line":28,"column":2},"end":{"line":28,"column":54}},"type":"if","locations":[{"start":{"line":28,"column":2},"end":{"line":28,"column":54}},{"start":{"line":28,"column":2},"end":{"line":28,"column":54}}],"line":28}},"s":{"0":1,"1":1,"2":2,"3":1,"4":1,"5":1,"6":2,"7":1,"8":1,"9":1,"10":2,"11":1,"12":1,"13":1,"14":0,"15":0,"16":0,"17":0,"18":0,"19":0,"20":0,"21":1,"22":0,"23":1,"24":0,"25":0,"26":1,"27":0,"28":0,"29":0,"30":0,"31":0,"32":0},"f":{"0":2,"1":1,"2":2,"3":1,"4":2,"5":0,"6":0,"7":0,"8":0,"9":0},"b":{"0":[1,1],"1":[0,0]},"_coverageSchema":"1a1c01bbd47fc00a2c39e90264f33305004495a9","hash":"8335b6e84bdc592d40852597251a422d9fcf50ce"}
}
