TN:
SF:index.js
FN:3,(anonymous_0)
FN:7,(anonymous_1)
FN:11,(anonymous_2)
FN:15,(anonymous_3)
FN:19,(anonymous_4)
FN:27,(anonymous_5)
FN:36,(anonymous_6)
FN:40,(anonymous_7)
FN:41,cuadrado
FN:47,(anonymous_9)
FNF:10
FNH:5
FNDA:2,(anonymous_0)
FNDA:1,(anonymous_1)
FNDA:2,(anonymous_2)
FNDA:1,(anonymous_3)
FNDA:2,(anonymous_4)
FNDA:0,(anonymous_5)
FNDA:0,(anonymous_6)
FNDA:0,(anonymous_7)
FNDA:0,cuadrado
FNDA:0,(anonymous_9)
DA:1,1
DA:3,1
DA:4,2
DA:7,1
DA:8,1
DA:11,1
DA:12,2
DA:15,1
DA:16,1
DA:19,1
DA:20,2
DA:21,1
DA:23,1
DA:27,1
DA:28,0
DA:29,0
DA:30,0
DA:31,0
DA:33,0
DA:36,1
DA:37,0
DA:40,1
DA:42,0
DA:44,0
DA:47,1
DA:48,0
DA:49,0
DA:50,0
DA:51,0
DA:53,0
LF:30
LH:17
BRDA:20,0,0,1
BRDA:20,0,1,1
BRDA:28,1,0,0
BRDA:28,1,1,0
BRF:4
BRH:2
end_of_record
